<?xml version="1.0" encoding="UTF-8"?>
<testng-results skipped="0" failed="0" total="1" passed="1">
  <reporter-output>
  </reporter-output>
  <suite name="Surefire suite" duration-ms="3060" started-at="2019-06-27T19:30:47Z" finished-at="2019-06-27T19:30:50Z">
    <groups>
    </groups>
    <test name="Surefire test" duration-ms="3060" started-at="2019-06-27T19:30:47Z" finished-at="2019-06-27T19:30:50Z">
      <class name="com.trusthub.cobranca.CobrancaOperacaoApplicationTest">
        <test-method status="PASS" signature="contextLoads()[pri:0, instance:contextLoads(com.trusthub.cobranca.CobrancaOperacaoApplicationTest)]" name="contextLoads" duration-ms="84" started-at="2019-06-27T16:30:50Z" finished-at="2019-06-27T16:30:50Z">
          <reporter-output>
          </reporter-output>
        </test-method> <!-- contextLoads -->
      </class> <!-- com.trusthub.cobranca.CobrancaOperacaoApplicationTest -->
    </test> <!-- Surefire test -->
  </suite> <!-- Surefire suite -->
</testng-results>
